2025-11-04 15:03:10,983 [INFO] Database tables created successfully.
2025-11-04 15:03:28,064 [INFO] Login attempt: aaditya@example.com
2025-11-04 15:03:32,929 [INFO] Login attempt: aaditya@example.com
2025-11-04 15:03:53,443 [INFO] Signup attempt: aaditya@example.com
2025-11-04 15:04:09,712 [INFO] Shutting down FinTrack AI backend...
2025-11-05 11:38:44,228 [INFO] Database tables created successfully.
2025-11-05 11:42:29,575 [INFO] Login attempt: aaditya@example.com
2025-11-05 11:49:49,535 [INFO] Shutting down FinTrack AI backend...
2025-11-05 12:26:11,851 [INFO] Database tables created successfully.
2025-11-05 12:27:01,795 [INFO] Database tables created successfully.
2025-11-05 12:45:31,704 [INFO] Login attempt: aaditya@example.com
2025-11-05 12:47:12,326 [WARNING] JWT decode error: Signature verification failed.
2025-11-05 12:48:14,532 [WARNING] JWT decode error: Signature verification failed.
2025-11-05 12:59:32,636 [INFO] Shutting down FinTrack AI backend...
2025-11-05 12:59:34,984 [INFO] Database tables created successfully.
2025-11-05 13:02:11,430 [INFO] Shutting down FinTrack AI backend...
2025-11-05 13:02:13,587 [INFO] Database tables created successfully.
2025-11-05 13:04:18,404 [INFO] Shutting down FinTrack AI backend...
2025-11-05 13:04:20,647 [INFO] Database tables created successfully.
2025-11-05 13:09:02,856 [INFO] Signup attempt: aaditya@example.com
2025-11-05 13:09:51,097 [INFO] Login attempt: aaditya@example.com
2025-11-05 13:11:24,622 [INFO] Login attempt: aaditya@example.com
2025-11-05 13:12:45,424 [INFO] Login attempt: aaditya@example.com
2025-11-05 13:20:54,358 [INFO] Signup attempt: avnish@example.com
2025-11-05 13:32:52,058 [INFO] Login attempt: avnish@example.com
2025-11-05 13:37:36,209 [INFO] Login attempt: avnish@example.com
2025-11-05 13:48:21,634 [INFO] Shutting down FinTrack AI backend...
2025-11-05 13:48:23,726 [INFO] Database tables created successfully.
2025-11-05 13:49:05,491 [INFO] Shutting down FinTrack AI backend...
2025-11-05 13:49:07,764 [INFO] Database tables created successfully.
2025-11-05 13:49:08,313 [INFO] Shutting down FinTrack AI backend...
2025-11-05 13:49:11,755 [INFO] Database tables created successfully.
2025-11-05 13:50:44,435 [INFO] Shutting down FinTrack AI backend...
2025-11-05 13:50:47,742 [INFO] Database tables created successfully.
2025-11-05 13:50:51,996 [INFO] Database tables created successfully.
2025-11-05 13:54:47,206 [INFO] Login attempt: avnish@example.com
2025-11-05 13:58:31,749 [INFO] Login attempt: avnish@example.com
2025-11-05 13:58:44,951 [WARNING] JWT decode error: Invalid header string: 'utf-8' codec can't decode byte 0x88 in position 6: invalid start byte
2025-11-05 14:01:20,621 [INFO] Login attempt: avnish@example.com
2025-11-05 14:01:59,297 [INFO] Login attempt: avnish@example.com
2025-11-05 14:05:13,913 [INFO] Login attempt: avnish@example.com
2025-11-05 14:05:34,527 [INFO] Login attempt: avnish@example.com
2025-11-05 14:06:17,198 [INFO] Login attempt: avnish@example.com
2025-11-05 14:06:24,264 [INFO] Login attempt: avnish@example.com
2025-11-05 14:06:26,591 [INFO] Login attempt: avnish@example.com
2025-11-05 14:06:39,304 [INFO] Login attempt: avnish@example.com2025-11-05 14:24:19,903 [INFO] Shutting down FinTrack AI backend...
2025-11-05 14:24:22,125 [INFO] Database tables created successfully.
2025-11-05 14:24:24,273 [INFO] Database tables created successfully.
2025-11-05 14:24:26,744 [INFO] Database tables created successfully.
2025-11-05 14:24:28,940 [INFO] Database tables created successfully.
2025-11-05 14:24:31,248 [INFO] Database tables created successfully.
2025-11-05 14:24:33,494 [INFO] Database tables created successfully.
2025-11-05 14:30:41,747 [INFO] Login attempt: avnish@example.com
2025-11-17 12:20:32,321 [INFO] Database tables created successfully.
2025-11-17 12:36:30,954 [INFO] Shutting down FinTrack AI backend...
2025-11-17 12:37:22,219 [INFO] Database tables created successfully.
2025-11-17 12:37:30,195 [INFO] Shutting down FinTrack AI backend...
2025-11-17 12:37:36,003 [INFO] Database tables created successfully.
2025-11-17 12:37:58,604 [INFO] Shutting down FinTrack AI backend...
2025-11-17 12:38:04,024 [INFO] Database tables created successfully.
2025-11-17 12:43:41,317 [INFO] Shutting down FinTrack AI backend...
2025-11-17 22:03:03,806 [INFO] Database tables created successfully.2025-11-17 22:07:34,017 [INFO] Shutting down FinTrack AI backend...
2025-11-17 22:07:36,118 [INFO] Database tables created successfully.
2025-11-17 22:25:32,502 [INFO] Shutting down FinTrack AI backend...
2025-11-17 22:25:39,747 [INFO] Database tables created successfully.
2025-11-17 22:29:40,809 [INFO] Shutting down FinTrack AI backend...
2025-11-17 22:29:44,532 [INFO] Database tables created successfully.
2025-11-17 22:36:23,733 [INFO] Database tables created successfully.
2025-11-17 22:37:26,393 [INFO] Signup attempt: aaditya@gmail.com
2025-11-17 22:37:46,192 [INFO] Shutting down FinTrack AI backend...
2025-11-17 22:37:50,969 [INFO] Database tables created successfully.
2025-11-17 22:38:18,467 [INFO] Login attempt: aaditya@gmail.com
2025-11-17 23:30:24,727 [INFO] Shutting down FinTrack AI backend...
2025-11-17 23:30:28,743 [INFO] Database tables created successfully.
2025-11-17 23:33:36,142 [INFO] Shutting down FinTrack AI backend...
2025-11-17 23:33:39,908 [INFO] Database tables created successfully.
2025-11-17 23:33:41,303 [INFO] Shutting down FinTrack AI backend...
2025-11-17 23:33:45,428 [INFO] Database tables created successfully.
2025-11-17 23:33:49,465 [INFO] Database tables created successfully.
2025-11-17 23:33:56,729 [INFO] Shutting down FinTrack AI backend...
2025-11-17 23:34:00,195 [INFO] Database tables created successfully.
2025-11-18 13:53:43,661 [INFO] Shutting down FinTrack AI backend...
2025-11-18 13:53:52,776 [INFO] Database tables created successfully.
2025-11-18 13:54:00,489 [INFO] Database tables created successfully.
2025-11-18 14:05:42,209 [INFO] Shutting down FinTrack AI backend...
2025-11-19 00:23:20,267 [INFO] Database tables created successfully.
2025-11-20 12:32:25,094 [INFO] Shutting down FinTrack AI backend...
2025-11-20 12:32:31,620 [INFO] Database tables created successfully.
2025-11-20 12:58:12,411 [INFO] Shutting down FinTrack AI backend...
2025-11-20 12:58:21,770 [INFO] Database tables created successfully.
2025-11-23 01:54:14,796 [INFO] Database tables created successfully.
2025-11-23 02:16:04,290 [INFO] Signup attempt: aadityaranjan@gmail.com
2025-11-23 02:17:17,949 [INFO] Login attempt: aadityaranjan@gmail.com
2025-11-23 02:19:52,279 [INFO] Shutting down FinTrack AI backend...
2025-11-23 02:20:06,372 [INFO] Database tables created successfully.
2025-11-23 06:14:24,599 [INFO] Shutting down FinTrack AI backend...
2025-11-23 06:14:31,113 [INFO] Database tables created successfully.
2025-11-23 06:15:32,340 [INFO] Shutting down FinTrack AI backend...
2025-11-23 06:15:35,532 [INFO] Database tables created successfully.
2025-11-23 06:15:38,678 [INFO] Database tables created successfully.
2025-11-23 06:17:17,186 [INFO] Shutting down FinTrack AI backend...
2025-11-23 06:17:21,436 [INFO] Database tables created successfully.
2025-11-23 06:17:26,557 [INFO] Database tables created successfully.
2025-11-23 19:05:36,094 [INFO] Shutting down FinTrack AI backend...
2025-11-23 19:05:43,175 [INFO] Database tables created successfully.
2025-11-23 19:22:19,864 [INFO] Shutting down FinTrack AI backend...
2025-11-25 11:47:12,455 [INFO] Database tables created successfully.
2025-11-25 11:47:50,159 [INFO] Shutting down FinTrack AI backend...
2025-11-25 11:48:29,523 [INFO] Database tables created successfully.
2025-11-25 11:56:35,202 [INFO] Shutting down FinTrack AI backend...
2025-11-25 11:56:39,502 [INFO] Database tables created successfully.
2025-11-25 11:56:44,537 [INFO] Shutting down FinTrack AI backend...
2025-11-25 11:56:48,461 [INFO] Database tables created successfully.
2025-11-25 11:57:00,717 [INFO] Shutting down FinTrack AI backend...
